**
(main.tex
LaTeX2e <2020-02-02> patch level 5
L3 programming layer <2020-03-06> (scrbook.cls
Document Class: scrbook 2020/01/24 v3.29 KOMA-Script document class (book)
(scrkbase.sty
Package: scrkbase 2020/01/24 v3.29 KOMA-Script package (KOMA-Script-dependent b
asics and keyval usage)
 (scrbase.sty
Package: scrbase 2020/01/24 v3.29 KOMA-Script package (KOMA-Script-independent 
basics and keyval usage)
 (keyval.sty
Package: keyval 2014/10/28 v1.15 key=value parser (DPC)
\KV@toks@=\toks15
) (scrlfile.sty
Package: scrlfile 2020/01/24 v3.29 KOMA-Script package (loading files)
))) (tocbasic.sty
Package: tocbasic 2020/01/24 v3.29 KOMA-Script package (handling toc-files)
\scr@dte@tocline@numberwidth=\skip47
\scr@dte@tocline@numbox=\box45
)
Package tocbasic Info: omitting babel extension for `toc'
(tocbasic)             because of feature `nobabel' available
(tocbasic)             for `toc' on input line 137.
Class scrbook Info: File `scrsize11pt.clo' used instead of
(scrbook)           file `scrsize11.clo' to setup font sizes on input line 2424
.

(scrsize11pt.clo
File: scrsize11pt.clo 2020/01/24 v3.29 KOMA-Script font size class option (11pt
)
) (typearea.sty
Package: typearea 2020/01/24 v3.29 KOMA-Script package (type area)
\ta@bcor=\skip48
\ta@div=\count163
\ta@hblk=\skip49
\ta@vblk=\skip50
\ta@temp=\skip51
\footheight=\skip52
Package typearea Info: These are the values describing the layout:
(typearea)             DIV  = 10
(typearea)             BCOR = 0.0pt
(typearea)             \paperwidth      = 597.50793pt
(typearea)              \textwidth      = 418.25555pt
(typearea)              DIV departure   = -6%
(typearea)              \evensidemargin = 47.2316pt
(typearea)              \oddsidemargin  = -12.5192pt
(typearea)             \paperheight     = 845.04694pt
(typearea)              \textheight     = 595.80026pt
(typearea)              \topmargin      = -25.16531pt
(typearea)              \headheight     = 17.0pt
(typearea)              \headsep        = 20.40001pt
(typearea)              \topskip        = 11.0pt
(typearea)              \footskip       = 47.6pt
(typearea)              \baselineskip   = 13.6pt
(typearea)              on input line 1719.
)
\c@part=\count164
\c@chapter=\count165
\c@section=\count166
\c@subsection=\count167
\c@subsubsection=\count168
\c@paragraph=\count169
\c@subparagraph=\count170
\scr@dte@chapter@maxnumwidth=\skip53
Class scrbook Info: using compatibility default `afterindent=bysign'
(scrbook)           for `\chapter on input line 5545.
\scr@dte@section@maxnumwidth=\skip54
Class scrbook Info: using compatibility default `runin=bysign'
(scrbook)           for `\section on input line 5555.
Class scrbook Info: using compatibility default `afterindent=bysign'
(scrbook)           for `\section on input line 5555.
\scr@dte@part@maxnumwidth=\skip55
Class scrbook Info: using compatibility default `afterindent=true'
(scrbook)           for `\part on input line 5564.
\scr@dte@subsection@maxnumwidth=\skip56
Class scrbook Info: using compatibility default `runin=bysign'
(scrbook)           for `\subsection on input line 5574.
Class scrbook Info: using compatibility default `afterindent=bysign'
(scrbook)           for `\subsection on input line 5574.
\scr@dte@subsubsection@maxnumwidth=\skip57
Class scrbook Info: using compatibility default `runin=bysign'
(scrbook)           for `\subsubsection on input line 5584.
Class scrbook Info: using compatibility default `afterindent=bysign'
(scrbook)           for `\subsubsection on input line 5584.
\scr@dte@paragraph@maxnumwidth=\skip58
Class scrbook Info: using compatibility default `runin=bysign'
(scrbook)           for `\paragraph on input line 5594.
Class scrbook Info: using compatibility default `afterindent=bysign'
(scrbook)           for `\paragraph on input line 5594.
\scr@dte@subparagraph@maxnumwidth=\skip59
Class scrbook Info: using compatibility default `runin=bysign'
(scrbook)           for `\subparagraph on input line 5604.
Class scrbook Info: using compatibility default `afterindent=bysign'
(scrbook)           for `\subparagraph on input line 5604.
\abovecaptionskip=\skip60
\belowcaptionskip=\skip61
\c@pti@nb@sid@b@x=\box46
Package tocbasic Info: omitting babel extension for `lof'
(tocbasic)             because of feature `nobabel' available
(tocbasic)             for `lof' on input line 6846.
\scr@dte@figure@maxnumwidth=\skip62
\c@figure=\count171
Package tocbasic Info: omitting babel extension for `lot'
(tocbasic)             because of feature `nobabel' available
(tocbasic)             for `lot' on input line 6867.
\scr@dte@table@maxnumwidth=\skip63
\c@table=\count172
Class scrbook Info: Redefining `\numberline' on input line 7040.
\bibindent=\dimen134
) (biblatex.sty
Package: biblatex 2019/12/01 v3.14 programmable bibliographies (PK/MW)
 (pdftexcmds.sty
Package: pdftexcmds 2019/11/24 v0.31 Utility functions of pdfTeX for LuaTeX (HO
)
 (infwarerr.sty
Package: infwarerr 2019/12/03 v1.5 Providing info/warning/error messages (HO)
) (iftex.sty
Package: iftex 2020/03/06 v1.0d TeX engine tests
) (ltxcmds.sty
Package: ltxcmds 2019/12/15 v1.24 LaTeX kernel commands for general use (HO)
)
Package pdftexcmds Info: \pdf@primitive is available.
Package pdftexcmds Info: \pdf@ifprimitive is available.
Package pdftexcmds Info: \pdfdraftmode not found.
) (etoolbox.sty
Package: etoolbox 2019/09/21 v2.5h e-TeX tools for LaTeX (JAW)
\etb@tempcnta=\count173
) (kvoptions.sty
Package: kvoptions 2019/11/29 v3.13 Key value format for package options (HO)
 (kvsetkeys.sty
Package: kvsetkeys 2019/12/15 v1.18 Key value parser (HO)
))
(logreq.sty
Package: logreq 2010/08/04 v1.0 xml request logger
\lrq@indent=\count174
 (logreq.def
File: logreq.def 2010/08/04 v1.0 logreq spec v1.0
)) (ifthen.sty
Package: ifthen 2014/09/29 v1.1c Standard LaTeX ifthen package (DPC)
) (url.sty
\Urlmuskip=\muskip16
Package: url 2013/09/16  ver 3.4  Verb mode for urls, etc.
)
\c@tabx@nest=\count175
\c@listtotal=\count176
\c@listcount=\count177
\c@liststart=\count178
\c@liststop=\count179
\c@citecount=\count180
\c@citetotal=\count181
\c@multicitecount=\count182
\c@multicitetotal=\count183
\c@instcount=\count184
\c@maxnames=\count185
\c@minnames=\count186
\c@maxitems=\count187
\c@minitems=\count188
\c@citecounter=\count189
\c@maxcitecounter=\count190
\c@savedcitecounter=\count191
\c@uniquelist=\count192
\c@uniquename=\count193
\c@refsection=\count194
\c@refsegment=\count195
\c@maxextratitle=\count196
\c@maxextratitleyear=\count197
\c@maxextraname=\count198
\c@maxextradate=\count199
\c@maxextraalpha=\count266
\c@abbrvpenalty=\count267
\c@highnamepenalty=\count268
\c@lownamepenalty=\count269
\c@maxparens=\count270
\c@parenlevel=\count271
\blx@tempcnta=\count272
\blx@tempcntb=\count273
\blx@tempcntc=\count274
\blx@maxsection=\count275
\blx@maxsegment@0=\count276
\blx@notetype=\count277
\blx@parenlevel@text=\count278
\blx@parenlevel@foot=\count279
\blx@sectionciteorder@0=\count280
\blx@entrysetcounter=\count281
\labelnumberwidth=\skip64
\labelalphawidth=\skip65
\biblabelsep=\skip66
\bibitemsep=\skip67
\bibnamesep=\skip68
\bibinitsep=\skip69
\bibparsep=\skip70
\bibhang=\skip71
\blx@bcfin=\read2
\blx@bcfout=\write3
\blx@langwohyphens=\language86
\c@mincomprange=\count282
\c@maxcomprange=\count283
\c@mincompwidth=\count284
Package biblatex Info: Trying to load biblatex default data model...
Package biblatex Info: ... file 'blx-dm.def' found.
 (blx-dm.def
File: blx-dm.def 2019/12/01 v3.14 biblatex localization (PK/MW)
)
Package biblatex Info: Trying to load biblatex custom data model...
Package biblatex Info: ... file 'biblatex-dm.cfg' not found.
\c@afterword=\count285
\c@savedafterword=\count286
\c@annotator=\count287
\c@savedannotator=\count288
\c@author=\count289
\c@savedauthor=\count290
\c@bookauthor=\count291
\c@savedbookauthor=\count292
\c@commentator=\count293
\c@savedcommentator=\count294
\c@editor=\count295
\c@savededitor=\count296
\c@editora=\count297
\c@savededitora=\count298
\c@editorb=\count299
\c@savededitorb=\count300
\c@editorc=\count301
\c@savededitorc=\count302
\c@foreword=\count303
\c@savedforeword=\count304
\c@holder=\count305
\c@savedholder=\count306
\c@introduction=\count307
\c@savedintroduction=\count308
\c@namea=\count309
\c@savednamea=\count310
\c@nameb=\count311
\c@savednameb=\count312
\c@namec=\count313
\c@savednamec=\count314
\c@translator=\count315
\c@savedtranslator=\count316
\c@shortauthor=\count317
\c@savedshortauthor=\count318
\c@shorteditor=\count319
\c@savedshorteditor=\count320
\c@labelname=\count321
\c@savedlabelname=\count322
\c@institution=\count323
\c@savedinstitution=\count324
\c@lista=\count325
\c@savedlista=\count326
\c@listb=\count327
\c@savedlistb=\count328
\c@listc=\count329
\c@savedlistc=\count330
\c@listd=\count331
\c@savedlistd=\count332
\c@liste=\count333
\c@savedliste=\count334
\c@listf=\count335
\c@savedlistf=\count336
\c@location=\count337
\c@savedlocation=\count338
\c@organization=\count339
\c@savedorganization=\count340
\c@origlocation=\count341
\c@savedoriglocation=\count342
\c@origpublisher=\count343
\c@savedorigpublisher=\count344
\c@publisher=\count345
\c@savedpublisher=\count346
\c@language=\count347
\c@savedlanguage=\count348
\c@origlanguage=\count349
\c@savedoriglanguage=\count350
\c@pageref=\count351
\c@savedpageref=\count352
\shorthandwidth=\skip72
\shortjournalwidth=\skip73
\shortserieswidth=\skip74
\shorttitlewidth=\skip75
\shortauthorwidth=\skip76
\shorteditorwidth=\skip77
\locallabelnumberwidth=\skip78
\locallabelalphawidth=\skip79
\localshorthandwidth=\skip80
\localshortjournalwidth=\skip81
\localshortserieswidth=\skip82
\localshorttitlewidth=\skip83
\localshortauthorwidth=\skip84
\localshorteditorwidth=\skip85
Package biblatex Info: Trying to load enhanced support for Unicode engines...
Package biblatex Info: ... file 'blx-unicode.def' found.
 (blx-unicode.def)
Package biblatex Info: Trying to load compatibility code...
Package biblatex Info: ... file 'blx-compat.def' found.
(blx-compat.def
File: blx-compat.def 2019/12/01 v3.14 biblatex compatibility (PK/MW)
)
Package biblatex Info: Trying to load generic definitions...
Package biblatex Info: ... file 'biblatex.def' found.
 (biblatex.def
File: biblatex.def 2019/12/01 v3.14 biblatex compatibility (PK/MW)
\c@textcitecount=\count353
\c@textcitetotal=\count354
\c@textcitemaxnames=\count355
\c@biburlbigbreakpenalty=\count356
\c@biburlbreakpenalty=\count357
\c@biburlnumpenalty=\count358
\c@biburlucpenalty=\count359
\c@biburllcpenalty=\count360
\biburlbigskip=\muskip17
\biburlnumskip=\muskip18
\biburlucskip=\muskip19
\biburllcskip=\muskip20
\c@smartand=\count361
)
Package biblatex Info: Trying to load bibliography style 'numeric'...
Package biblatex Info: ... file 'numeric.bbx' found.
 (numeric.bbx
File: numeric.bbx 2019/12/01 v3.14 biblatex bibliography style (PK/MW)
Package biblatex Info: Trying to load bibliography style 'standard'...
Package biblatex Info: ... file 'standard.bbx' found.
 (standard.bbx
File: standard.bbx 2019/12/01 v3.14 biblatex bibliography style (PK/MW)
\c@bbx:relatedcount=\count362
\c@bbx:relatedtotal=\count363
))
Package biblatex Info: Trying to load citation style 'numeric'...
Package biblatex Info: ... file 'numeric.cbx' found.
 (numeric.cbx
File: numeric.cbx 2019/12/01 v3.14 biblatex citation style (PK/MW)
Package biblatex Info: Redefining '\cite'.
Package biblatex Info: Redefining '\parencite'.
Package biblatex Info: Redefining '\footcite'.
Package biblatex Info: Redefining '\footcitetext'.
Package biblatex Info: Redefining '\smartcite'.
Package biblatex Info: Redefining '\supercite'.
Package biblatex Info: Redefining '\textcite'.
Package biblatex Info: Redefining '\textcites'.
Package biblatex Info: Redefining '\cites'.
Package biblatex Info: Redefining '\parencites'.
Package biblatex Info: Redefining '\smartcites'.
)
Package biblatex Info: Trying to load configuration file...
Package biblatex Info: ... file 'biblatex.cfg' found.

(biblatex.cfg
File: biblatex.cfg 
)) (epigraph.sty
Package: epigraph 2020/01/02 v1.5e typesetting epigraphs
 (nextpage.sty
Package: nextpage 2009/09/03 v1.1a additional page commands
)
\beforeepigraphskip=\skip86
\afterepigraphskip=\skip87
\epigraphwidth=\skip88
\epigraphrule=\skip89
) (inputenc.sty
Package: inputenc 2018/08/11 v1.3c Input encoding file
\inpenc@prehook=\toks16
\inpenc@posthook=\toks17


Package inputenc Warning: inputenc package ignored with utf8 based engines.

) (amsthm.sty
Package: amsthm 2017/10/31 v2.20.4
\thm@style=\toks18
\thm@bodyfont=\toks19
\thm@headfont=\toks20
\thm@notefont=\toks21
\thm@headpunct=\toks22
\thm@preskip=\skip90
\thm@postskip=\skip91
\thm@headsep=\skip92
\dth@everypar=\toks23
) (xpatch.sty (expl3.sty
Package: expl3 2020-03-06 L3 programming layer (loader) 
 (l3backend-xdvipdfmx.def
File: l3backend-xdvipdfmx.def 2020-03-12 L3 backend support: xdvipdfmx
\g__graphics_track_int=\count364
\l__pdf_internal_box=\box47
\g__pdf_backend_object_int=\count365
\g__pdf_backend_annotation_int=\count366
))
Package: xpatch 2020/03/25 v0.3a Extending etoolbox patching commands
 (xparse.sty
Package: xparse 2020-03-06 L3 Experimental document command parser
\l__xparse_current_arg_int=\count367
\g__xparse_grabber_int=\count368
\l__xparse_m_args_int=\count369
\l__xparse_v_nesting_int=\count370
))
Class scrbook Info: amsthm's \deferred@thm@head patched.

(amsfonts.sty
Package: amsfonts 2013/01/14 v3.01 Basic AMSFonts support
\@emptytoks=\toks24
\symAMSa=\mathgroup4
\symAMSb=\mathgroup5
LaTeX Font Info:    Redeclaring math symbol \hbar on input line 98.
LaTeX Font Info:    Overwriting math alphabet `\mathfrak' in version `bold'
(Font)                  U/euf/m/n --> U/euf/b/n on input line 106.
) (amsmath.sty
Package: amsmath 2020/01/20 v2.17e AMS math features
\@mathmargin=\skip93

For additional information on amsmath, use the `?' option.
(amstext.sty
Package: amstext 2000/06/29 v2.01 AMS text
 (amsgen.sty
File: amsgen.sty 1999/11/30 v2.0 generic functions
\@emptytoks=\toks25
\ex@=\dimen135
)) (amsbsy.sty
Package: amsbsy 1999/11/29 v1.2d Bold Symbols
\pmbraise@=\dimen136
) (amsopn.sty
Package: amsopn 2016/03/08 v2.02 operator names
)
\inf@bad=\count371
LaTeX Info: Redefining \frac on input line 227.
\uproot@=\count372
\leftroot@=\count373
LaTeX Info: Redefining \overline on input line 389.
\classnum@=\count374
\DOTSCASE@=\count375
LaTeX Info: Redefining \ldots on input line 486.
LaTeX Info: Redefining \dots on input line 489.
LaTeX Info: Redefining \cdots on input line 610.
\Mathstrutbox@=\box48
\strutbox@=\box49
\big@size=\dimen137
LaTeX Font Info:    Redeclaring font encoding OML on input line 733.
LaTeX Font Info:    Redeclaring font encoding OMS on input line 734.
\macc@depth=\count376
\c@MaxMatrixCols=\count377
\dotsspace@=\muskip21
\c@parentequation=\count378
\dspbrk@lvl=\count379
\tag@help=\toks26
\row@=\count380
\column@=\count381
\maxfields@=\count382
\andhelp@=\toks27
\eqnshift@=\dimen138
\alignsep@=\dimen139
\tagshift@=\dimen140
\tagwidth@=\dimen141
\totwidth@=\dimen142
\lineht@=\dimen143
\@envbody=\toks28
\multlinegap=\skip94
\multlinetaggap=\skip95
\mathdisplay@stack=\toks29
LaTeX Info: Redefining \[ on input line 2859.
LaTeX Info: Redefining \] on input line 2860.
)
\c@theorem=\count383
\c@corollary=\count384
\c@definition=\count385
\c@lemma=\count386
\c@conjecture=\count387
\c@proposition=\count388
\c@approach=\count389
\c@example=\count390
\c@exerciseinner=\count391
\@quotelevel=\count392
\@quotereset=\count393
 (main.aux
(./chapters/prelim.aux))
\openout1 = `main.aux'.

LaTeX Font Info:    Checking defaults for OML/cmm/m/it on input line 35.
LaTeX Font Info:    ... okay on input line 35.
LaTeX Font Info:    Checking defaults for OMS/cmsy/m/n on input line 35.
LaTeX Font Info:    ... okay on input line 35.
LaTeX Font Info:    Checking defaults for OT1/cmr/m/n on input line 35.
LaTeX Font Info:    ... okay on input line 35.
LaTeX Font Info:    Checking defaults for T1/cmr/m/n on input line 35.
LaTeX Font Info:    ... okay on input line 35.
LaTeX Font Info:    Checking defaults for TS1/cmr/m/n on input line 35.
LaTeX Font Info:    Trying to load font information for TS1+cmr on input line 3
5.
 (ts1cmr.fd
File: ts1cmr.fd 2019/12/16 v2.5j Standard LaTeX font definitions
)
LaTeX Font Info:    ... okay on input line 35.
LaTeX Font Info:    Checking defaults for TU/lmr/m/n on input line 35.
LaTeX Font Info:    ... okay on input line 35.
LaTeX Font Info:    Checking defaults for OMX/cmex/m/n on input line 35.
LaTeX Font Info:    ... okay on input line 35.
LaTeX Font Info:    Checking defaults for U/cmr/m/n on input line 35.
LaTeX Font Info:    ... okay on input line 35.
Package scrbase Info: activating english \contentsname on input line 35.
Package scrbase Info: activating english \listfigurename on input line 35.
Package scrbase Info: activating english \listtablename on input line 35.
Package biblatex Info: Trying to load language 'english'...
Package biblatex Info: ... file 'english.lbx' found.
 (english.lbx
File: english.lbx 2019/12/01 v3.14 biblatex localization (PK/MW)
)
Package biblatex Info: XeTeX detected.
(biblatex)             Assuming input encoding 'utf8'.
Package biblatex Info: Automatic encoding selection.
(biblatex)             Assuming data encoding 'utf8'.
\openout3 = `main.bcf'.

Package biblatex Info: Trying to load bibliographic data...
Package biblatex Info: ... file 'main.bbl' found.
 (main.bbl)
Package biblatex Info: Reference section=0 on input line 35.
Package biblatex Info: Reference segment=0 on input line 35.
LaTeX Font Info:    Trying to load font information for U+msa on input line 37.

 (umsa.fd
File: umsa.fd 2013/01/14 v3.01 AMS symbols A
)
LaTeX Font Info:    Trying to load font information for U+msb on input line 37.


(umsb.fd
File: umsb.fd 2013/01/14 v3.01 AMS symbols B
) [1



] [2


] (main.toc)
\tf@toc=\write4
\openout4 = `main.toc'.

 [3] [4


] [5]
\openout2 = `./chapters/prelim.aux'.

 (./chapters/prelim.tex [6



]
chapter 1.
[7] [8] [9] [10] [11]) [12]
chapter 2.
[13



] [14


] [15] (main.aux (./chapters/prelim.aux))
Package logreq Info: Writing requests to 'main.run.xml'.
\openout1 = `main.run.xml'.

 )
Output written on main.xdv (15 pages, 129572 bytes).
